09:19:48 INFO  : Registering command handlers for SDK TCF services
09:19:53 INFO  : Launching XSCT server: xsct.bat -interactive C:\TEMP\3610\1842906_1853853\project_1\project_1.sdk\temp_xsdb_launch_script.tcl
09:20:03 INFO  : XSCT server has started successfully.
09:20:03 INFO  : Successfully done setting XSCT server connection channel  
09:20:33 INFO  : Successfully done setting SDK workspace  
09:20:33 INFO  : Processing command line option -hwspec C:/TEMP/3610/1842906_1853853/project_1/project_1.sdk/design_1_wrapper.hdf.
09:29:21 INFO  : Connected to target on host '127.0.0.1' and port '3121'.
09:29:22 INFO  : 'targets -set -filter {jtag_cable_name =~ "Digilent Zed 210248775228" && level==0} -index 1' command is executed.
09:29:25 INFO  : FPGA configured successfully with bitstream "C:/TEMP/3610/1842906_1853853/project_1/project_1.sdk/design_1_wrapper_hw_platform_0/design_1_wrapper.bit"
09:34:16 INFO  : 'targets -set -filter {jtag_cable_name =~ "Digilent Zed 210248775228" && level==0} -index 1' command is executed.
09:34:16 INFO  : 'fpga -state' command is executed.
09:34:16 INFO  : Connected to target on host '127.0.0.1' and port '3121'.
09:34:16 INFO  : Jtag cable 'Digilent Zed 210248775228' is selected.
09:34:16 INFO  : 'jtag frequency' command is executed.
09:34:16 INFO  : Sourcing of 'C:/TEMP/3610/1842906_1853853/project_1/project_1.sdk/design_1_wrapper_hw_platform_0/ps7_init.tcl' is done.
09:34:16 INFO  : Context for 'APU' is selected.
09:34:16 INFO  : Hardware design information is loaded from 'C:/TEMP/3610/1842906_1853853/project_1/project_1.sdk/design_1_wrapper_hw_platform_0/system.hdf'.
09:34:16 INFO  : 'configparams force-mem-access 1' command is executed.
09:34:16 INFO  : Context for 'APU' is selected.
09:34:16 INFO  : 'stop' command is executed.
09:34:17 INFO  : 'ps7_init' command is executed.
09:34:17 INFO  : 'ps7_post_config' command is executed.
09:34:17 INFO  : Context for processor 'ps7_cortexa9_0' is selected.
09:34:17 INFO  : Processor reset is completed for 'ps7_cortexa9_0'.
09:34:17 INFO  : Context for processor 'ps7_cortexa9_0' is selected.
09:34:17 INFO  : The application 'C:/TEMP/3610/1842906_1853853/project_1/project_1.sdk/Lab2/Debug/Lab2.elf' is downloaded to processor 'ps7_cortexa9_0'.
09:34:17 INFO  : 'configparams force-mem-access 0' command is executed.
09:34:17 INFO  : ----------------XSDB Script----------------
connect -url tcp:127.0.0.1:3121
source C:/TEMP/3610/1842906_1853853/project_1/project_1.sdk/design_1_wrapper_hw_platform_0/ps7_init.tcl
targets -set -nocase -filter {name =~"APU*" && jtag_cable_name =~ "Digilent Zed 210248775228"} -index 0
loadhw -hw C:/TEMP/3610/1842906_1853853/project_1/project_1.sdk/design_1_wrapper_hw_platform_0/system.hdf -mem-ranges [list {0x40000000 0xbfffffff}]
configparams force-mem-access 1
targets -set -nocase -filter {name =~"APU*" && jtag_cable_name =~ "Digilent Zed 210248775228"} -index 0
stop
ps7_init
ps7_post_config
targets -set -nocase -filter {name =~ "ARM*#0" && jtag_cable_name =~ "Digilent Zed 210248775228"} -index 0
rst -processor
targets -set -nocase -filter {name =~ "ARM*#0" && jtag_cable_name =~ "Digilent Zed 210248775228"} -index 0
dow C:/TEMP/3610/1842906_1853853/project_1/project_1.sdk/Lab2/Debug/Lab2.elf
configparams force-mem-access 0
----------------End of Script----------------

09:34:17 INFO  : Context for processor 'ps7_cortexa9_0' is selected.
09:34:17 INFO  : 'con' command is executed.
09:34:17 INFO  : ----------------XSDB Script (After Launch)----------------
targets -set -nocase -filter {name =~ "ARM*#0" && jtag_cable_name =~ "Digilent Zed 210248775228"} -index 0
con
----------------End of Script----------------

09:34:17 INFO  : Disconnected from the channel tcfchan#1.
09:35:59 INFO  : 'targets -set -filter {jtag_cable_name =~ "Digilent Zed 210248775228" && level==0} -index 1' command is executed.
09:35:59 INFO  : 'fpga -state' command is executed.
09:35:59 INFO  : Connected to target on host '127.0.0.1' and port '3121'.
09:35:59 INFO  : Jtag cable 'Digilent Zed 210248775228' is selected.
09:35:59 INFO  : 'jtag frequency' command is executed.
09:35:59 INFO  : Sourcing of 'C:/TEMP/3610/1842906_1853853/project_1/project_1.sdk/design_1_wrapper_hw_platform_0/ps7_init.tcl' is done.
09:35:59 INFO  : Context for 'APU' is selected.
09:36:02 INFO  : Hardware design information is loaded from 'C:/TEMP/3610/1842906_1853853/project_1/project_1.sdk/design_1_wrapper_hw_platform_0/system.hdf'.
09:36:02 INFO  : 'configparams force-mem-access 1' command is executed.
09:36:02 INFO  : Context for 'APU' is selected.
09:36:02 INFO  : 'stop' command is executed.
09:36:02 INFO  : 'ps7_init' command is executed.
09:36:02 INFO  : 'ps7_post_config' command is executed.
09:36:02 INFO  : Context for processor 'ps7_cortexa9_0' is selected.
09:36:02 INFO  : Processor reset is completed for 'ps7_cortexa9_0'.
09:36:02 INFO  : Context for processor 'ps7_cortexa9_0' is selected.
09:36:03 INFO  : The application 'C:/TEMP/3610/1842906_1853853/project_1/project_1.sdk/Lab2/Debug/Lab2.elf' is downloaded to processor 'ps7_cortexa9_0'.
09:36:03 INFO  : 'configparams force-mem-access 0' command is executed.
09:36:03 INFO  : ----------------XSDB Script----------------
connect -url tcp:127.0.0.1:3121
source C:/TEMP/3610/1842906_1853853/project_1/project_1.sdk/design_1_wrapper_hw_platform_0/ps7_init.tcl
targets -set -nocase -filter {name =~"APU*" && jtag_cable_name =~ "Digilent Zed 210248775228"} -index 0
loadhw -hw C:/TEMP/3610/1842906_1853853/project_1/project_1.sdk/design_1_wrapper_hw_platform_0/system.hdf -mem-ranges [list {0x40000000 0xbfffffff}]
configparams force-mem-access 1
targets -set -nocase -filter {name =~"APU*" && jtag_cable_name =~ "Digilent Zed 210248775228"} -index 0
stop
ps7_init
ps7_post_config
targets -set -nocase -filter {name =~ "ARM*#0" && jtag_cable_name =~ "Digilent Zed 210248775228"} -index 0
rst -processor
targets -set -nocase -filter {name =~ "ARM*#0" && jtag_cable_name =~ "Digilent Zed 210248775228"} -index 0
dow C:/TEMP/3610/1842906_1853853/project_1/project_1.sdk/Lab2/Debug/Lab2.elf
configparams force-mem-access 0
----------------End of Script----------------

09:36:03 INFO  : Context for processor 'ps7_cortexa9_0' is selected.
09:36:03 INFO  : 'con' command is executed.
09:36:03 INFO  : ----------------XSDB Script (After Launch)----------------
targets -set -nocase -filter {name =~ "ARM*#0" && jtag_cable_name =~ "Digilent Zed 210248775228"} -index 0
con
----------------End of Script----------------

09:36:03 INFO  : Disconnected from the channel tcfchan#2.
09:36:55 INFO  : 'targets -set -filter {jtag_cable_name =~ "Digilent Zed 210248775228" && level==0} -index 1' command is executed.
09:36:55 INFO  : 'fpga -state' command is executed.
09:36:55 INFO  : Connected to target on host '127.0.0.1' and port '3121'.
09:36:55 INFO  : Jtag cable 'Digilent Zed 210248775228' is selected.
09:36:55 INFO  : 'jtag frequency' command is executed.
09:36:55 INFO  : Sourcing of 'C:/TEMP/3610/1842906_1853853/project_1/project_1.sdk/design_1_wrapper_hw_platform_0/ps7_init.tcl' is done.
09:36:55 INFO  : Context for 'APU' is selected.
09:36:58 INFO  : Hardware design information is loaded from 'C:/TEMP/3610/1842906_1853853/project_1/project_1.sdk/design_1_wrapper_hw_platform_0/system.hdf'.
09:36:58 INFO  : 'configparams force-mem-access 1' command is executed.
09:36:59 INFO  : Context for 'APU' is selected.
09:36:59 INFO  : 'stop' command is executed.
09:36:59 INFO  : 'ps7_init' command is executed.
09:36:59 INFO  : 'ps7_post_config' command is executed.
09:36:59 INFO  : Context for processor 'ps7_cortexa9_0' is selected.
09:36:59 INFO  : Processor reset is completed for 'ps7_cortexa9_0'.
09:36:59 INFO  : Context for processor 'ps7_cortexa9_0' is selected.
09:37:00 INFO  : The application 'C:/TEMP/3610/1842906_1853853/project_1/project_1.sdk/Lab2/Debug/Lab2.elf' is downloaded to processor 'ps7_cortexa9_0'.
09:37:00 INFO  : 'configparams force-mem-access 0' command is executed.
09:37:00 INFO  : ----------------XSDB Script----------------
connect -url tcp:127.0.0.1:3121
source C:/TEMP/3610/1842906_1853853/project_1/project_1.sdk/design_1_wrapper_hw_platform_0/ps7_init.tcl
targets -set -nocase -filter {name =~"APU*" && jtag_cable_name =~ "Digilent Zed 210248775228"} -index 0
loadhw -hw C:/TEMP/3610/1842906_1853853/project_1/project_1.sdk/design_1_wrapper_hw_platform_0/system.hdf -mem-ranges [list {0x40000000 0xbfffffff}]
configparams force-mem-access 1
targets -set -nocase -filter {name =~"APU*" && jtag_cable_name =~ "Digilent Zed 210248775228"} -index 0
stop
ps7_init
ps7_post_config
targets -set -nocase -filter {name =~ "ARM*#0" && jtag_cable_name =~ "Digilent Zed 210248775228"} -index 0
rst -processor
targets -set -nocase -filter {name =~ "ARM*#0" && jtag_cable_name =~ "Digilent Zed 210248775228"} -index 0
dow C:/TEMP/3610/1842906_1853853/project_1/project_1.sdk/Lab2/Debug/Lab2.elf
configparams force-mem-access 0
----------------End of Script----------------

09:37:00 INFO  : Context for processor 'ps7_cortexa9_0' is selected.
09:37:00 INFO  : 'con' command is executed.
09:37:00 INFO  : ----------------XSDB Script (After Launch)----------------
targets -set -nocase -filter {name =~ "ARM*#0" && jtag_cable_name =~ "Digilent Zed 210248775228"} -index 0
con
----------------End of Script----------------

09:37:00 INFO  : Disconnected from the channel tcfchan#3.
09:41:46 INFO  : 'targets -set -filter {jtag_cable_name =~ "Digilent Zed 210248775228" && level==0} -index 1' command is executed.
09:41:46 INFO  : 'fpga -state' command is executed.
09:41:46 INFO  : Connected to target on host '127.0.0.1' and port '3121'.
09:41:47 INFO  : Jtag cable 'Digilent Zed 210248775228' is selected.
09:41:47 INFO  : 'jtag frequency' command is executed.
09:41:47 INFO  : Sourcing of 'C:/TEMP/3610/1842906_1853853/project_1/project_1.sdk/design_1_wrapper_hw_platform_0/ps7_init.tcl' is done.
09:41:47 INFO  : Context for 'APU' is selected.
09:41:47 INFO  : Hardware design information is loaded from 'C:/TEMP/3610/1842906_1853853/project_1/project_1.sdk/design_1_wrapper_hw_platform_0/system.hdf'.
09:41:47 INFO  : 'configparams force-mem-access 1' command is executed.
09:41:47 INFO  : Context for 'APU' is selected.
09:41:47 INFO  : 'stop' command is executed.
09:41:48 INFO  : 'ps7_init' command is executed.
09:41:48 INFO  : 'ps7_post_config' command is executed.
09:41:48 INFO  : Context for processor 'ps7_cortexa9_0' is selected.
09:41:48 INFO  : Processor reset is completed for 'ps7_cortexa9_0'.
09:41:48 INFO  : Context for processor 'ps7_cortexa9_0' is selected.
09:41:48 INFO  : The application 'C:/TEMP/3610/1842906_1853853/project_1/project_1.sdk/Lab2/Debug/Lab2.elf' is downloaded to processor 'ps7_cortexa9_0'.
09:41:48 INFO  : 'configparams force-mem-access 0' command is executed.
09:41:48 INFO  : ----------------XSDB Script----------------
connect -url tcp:127.0.0.1:3121
source C:/TEMP/3610/1842906_1853853/project_1/project_1.sdk/design_1_wrapper_hw_platform_0/ps7_init.tcl
targets -set -nocase -filter {name =~"APU*" && jtag_cable_name =~ "Digilent Zed 210248775228"} -index 0
loadhw -hw C:/TEMP/3610/1842906_1853853/project_1/project_1.sdk/design_1_wrapper_hw_platform_0/system.hdf -mem-ranges [list {0x40000000 0xbfffffff}]
configparams force-mem-access 1
targets -set -nocase -filter {name =~"APU*" && jtag_cable_name =~ "Digilent Zed 210248775228"} -index 0
stop
ps7_init
ps7_post_config
targets -set -nocase -filter {name =~ "ARM*#0" && jtag_cable_name =~ "Digilent Zed 210248775228"} -index 0
rst -processor
targets -set -nocase -filter {name =~ "ARM*#0" && jtag_cable_name =~ "Digilent Zed 210248775228"} -index 0
dow C:/TEMP/3610/1842906_1853853/project_1/project_1.sdk/Lab2/Debug/Lab2.elf
configparams force-mem-access 0
----------------End of Script----------------

09:41:48 INFO  : Context for processor 'ps7_cortexa9_0' is selected.
09:41:49 INFO  : 'con' command is executed.
09:41:49 INFO  : ----------------XSDB Script (After Launch)----------------
targets -set -nocase -filter {name =~ "ARM*#0" && jtag_cable_name =~ "Digilent Zed 210248775228"} -index 0
con
----------------End of Script----------------

09:41:49 INFO  : Disconnected from the channel tcfchan#4.
10:34:48 INFO  : 'targets -set -filter {jtag_cable_name =~ "Digilent Zed 210248775228" && level==0} -index 1' command is executed.
10:34:48 INFO  : 'fpga -state' command is executed.
10:34:48 INFO  : Connected to target on host '127.0.0.1' and port '3121'.
10:34:49 INFO  : Jtag cable 'Digilent Zed 210248775228' is selected.
10:34:49 INFO  : 'jtag frequency' command is executed.
10:34:49 INFO  : Sourcing of 'C:/TEMP/3610/1842906_1853853/project_1/project_1.sdk/design_1_wrapper_hw_platform_0/ps7_init.tcl' is done.
10:34:49 INFO  : Context for 'APU' is selected.
10:34:49 INFO  : Hardware design information is loaded from 'C:/TEMP/3610/1842906_1853853/project_1/project_1.sdk/design_1_wrapper_hw_platform_0/system.hdf'.
10:34:49 INFO  : 'configparams force-mem-access 1' command is executed.
10:34:49 INFO  : Context for 'APU' is selected.
10:34:49 INFO  : 'stop' command is executed.
10:34:49 INFO  : 'ps7_init' command is executed.
10:34:49 INFO  : 'ps7_post_config' command is executed.
10:34:49 INFO  : Context for processor 'ps7_cortexa9_0' is selected.
10:34:49 INFO  : Processor reset is completed for 'ps7_cortexa9_0'.
10:34:50 INFO  : Context for processor 'ps7_cortexa9_0' is selected.
10:34:50 INFO  : The application 'C:/TEMP/3610/1842906_1853853/project_1/project_1.sdk/Lab2/Debug/Lab2.elf' is downloaded to processor 'ps7_cortexa9_0'.
10:34:50 INFO  : 'configparams force-mem-access 0' command is executed.
10:34:50 INFO  : ----------------XSDB Script----------------
connect -url tcp:127.0.0.1:3121
source C:/TEMP/3610/1842906_1853853/project_1/project_1.sdk/design_1_wrapper_hw_platform_0/ps7_init.tcl
targets -set -nocase -filter {name =~"APU*" && jtag_cable_name =~ "Digilent Zed 210248775228"} -index 0
loadhw -hw C:/TEMP/3610/1842906_1853853/project_1/project_1.sdk/design_1_wrapper_hw_platform_0/system.hdf -mem-ranges [list {0x40000000 0xbfffffff}]
configparams force-mem-access 1
targets -set -nocase -filter {name =~"APU*" && jtag_cable_name =~ "Digilent Zed 210248775228"} -index 0
stop
ps7_init
ps7_post_config
targets -set -nocase -filter {name =~ "ARM*#0" && jtag_cable_name =~ "Digilent Zed 210248775228"} -index 0
rst -processor
targets -set -nocase -filter {name =~ "ARM*#0" && jtag_cable_name =~ "Digilent Zed 210248775228"} -index 0
dow C:/TEMP/3610/1842906_1853853/project_1/project_1.sdk/Lab2/Debug/Lab2.elf
configparams force-mem-access 0
----------------End of Script----------------

10:34:50 INFO  : Context for processor 'ps7_cortexa9_0' is selected.
10:34:50 INFO  : 'con' command is executed.
10:34:50 INFO  : ----------------XSDB Script (After Launch)----------------
targets -set -nocase -filter {name =~ "ARM*#0" && jtag_cable_name =~ "Digilent Zed 210248775228"} -index 0
con
----------------End of Script----------------

10:34:50 INFO  : Disconnected from the channel tcfchan#5.
10:37:07 INFO  : 'targets -set -filter {jtag_cable_name =~ "Digilent Zed 210248775228" && level==0} -index 1' command is executed.
10:37:07 INFO  : 'fpga -state' command is executed.
10:37:07 INFO  : Connected to target on host '127.0.0.1' and port '3121'.
10:37:07 INFO  : Jtag cable 'Digilent Zed 210248775228' is selected.
10:37:07 INFO  : 'jtag frequency' command is executed.
10:37:07 INFO  : Sourcing of 'C:/TEMP/3610/1842906_1853853/project_1/project_1.sdk/design_1_wrapper_hw_platform_0/ps7_init.tcl' is done.
10:37:08 INFO  : Context for 'APU' is selected.
10:37:10 INFO  : Hardware design information is loaded from 'C:/TEMP/3610/1842906_1853853/project_1/project_1.sdk/design_1_wrapper_hw_platform_0/system.hdf'.
10:37:10 INFO  : 'configparams force-mem-access 1' command is executed.
10:37:10 INFO  : Context for 'APU' is selected.
10:37:10 INFO  : 'stop' command is executed.
10:37:11 INFO  : 'ps7_init' command is executed.
10:37:11 INFO  : 'ps7_post_config' command is executed.
10:37:11 INFO  : Context for processor 'ps7_cortexa9_0' is selected.
10:37:11 INFO  : Processor reset is completed for 'ps7_cortexa9_0'.
10:37:11 INFO  : Context for processor 'ps7_cortexa9_0' is selected.
10:37:12 INFO  : The application 'C:/TEMP/3610/1842906_1853853/project_1/project_1.sdk/Lab2/Debug/Lab2.elf' is downloaded to processor 'ps7_cortexa9_0'.
10:37:12 INFO  : 'configparams force-mem-access 0' command is executed.
10:37:12 INFO  : ----------------XSDB Script----------------
connect -url tcp:127.0.0.1:3121
source C:/TEMP/3610/1842906_1853853/project_1/project_1.sdk/design_1_wrapper_hw_platform_0/ps7_init.tcl
targets -set -nocase -filter {name =~"APU*" && jtag_cable_name =~ "Digilent Zed 210248775228"} -index 0
loadhw -hw C:/TEMP/3610/1842906_1853853/project_1/project_1.sdk/design_1_wrapper_hw_platform_0/system.hdf -mem-ranges [list {0x40000000 0xbfffffff}]
configparams force-mem-access 1
targets -set -nocase -filter {name =~"APU*" && jtag_cable_name =~ "Digilent Zed 210248775228"} -index 0
stop
ps7_init
ps7_post_config
targets -set -nocase -filter {name =~ "ARM*#0" && jtag_cable_name =~ "Digilent Zed 210248775228"} -index 0
rst -processor
targets -set -nocase -filter {name =~ "ARM*#0" && jtag_cable_name =~ "Digilent Zed 210248775228"} -index 0
dow C:/TEMP/3610/1842906_1853853/project_1/project_1.sdk/Lab2/Debug/Lab2.elf
configparams force-mem-access 0
----------------End of Script----------------

10:37:12 INFO  : Context for processor 'ps7_cortexa9_0' is selected.
10:37:12 INFO  : 'con' command is executed.
10:37:12 INFO  : ----------------XSDB Script (After Launch)----------------
targets -set -nocase -filter {name =~ "ARM*#0" && jtag_cable_name =~ "Digilent Zed 210248775228"} -index 0
con
----------------End of Script----------------

10:37:12 INFO  : Disconnected from the channel tcfchan#6.
10:59:47 INFO  : Registering command handlers for SDK TCF services
10:59:47 INFO  : Launching XSCT server: xsct.bat -interactive C:\TEMP\3610\1842906_1853853\project_1\project_1.sdk\temp_xsdb_launch_script.tcl
10:59:50 INFO  : XSCT server has started successfully.
10:59:51 INFO  : Processing command line option -hwspec C:/TEMP/3610/1842906_1853853/project_1/project_1.sdk/design_1_wrapper.hdf.
10:59:51 INFO  : Successfully done setting XSCT server connection channel  
10:59:51 INFO  : Successfully done setting SDK workspace  
10:59:51 INFO  : Checking for hwspec changes in the project design_1_wrapper_hw_platform_0.
11:06:43 INFO  : Connected to target on host '127.0.0.1' and port '3121'.
11:06:43 INFO  : 'targets -set -filter {jtag_cable_name =~ "Digilent Zed 210248775228" && level==0} -index 1' command is executed.
11:06:46 INFO  : FPGA configured successfully with bitstream "C:/TEMP/3610/1842906_1853853/project_1/project_1.sdk/design_1_wrapper_hw_platform_0/design_1_wrapper.bit"
11:07:03 INFO  : 'targets -set -filter {jtag_cable_name =~ "Digilent Zed 210248775228" && level==0} -index 1' command is executed.
11:07:03 INFO  : 'fpga -state' command is executed.
11:07:03 INFO  : Connected to target on host '127.0.0.1' and port '3121'.
11:07:03 INFO  : Jtag cable 'Digilent Zed 210248775228' is selected.
11:07:03 INFO  : 'jtag frequency' command is executed.
11:07:03 INFO  : Sourcing of 'C:/TEMP/3610/1842906_1853853/project_1/project_1.sdk/design_1_wrapper_hw_platform_0/ps7_init.tcl' is done.
11:07:03 INFO  : Context for 'APU' is selected.
11:07:03 INFO  : Hardware design information is loaded from 'C:/TEMP/3610/1842906_1853853/project_1/project_1.sdk/design_1_wrapper_hw_platform_0/system.hdf'.
11:07:03 INFO  : 'configparams force-mem-access 1' command is executed.
11:07:03 INFO  : Context for 'APU' is selected.
11:07:04 INFO  : 'stop' command is executed.
11:07:04 INFO  : 'ps7_init' command is executed.
11:07:04 INFO  : 'ps7_post_config' command is executed.
11:07:04 INFO  : Context for processor 'ps7_cortexa9_0' is selected.
11:07:04 INFO  : Processor reset is completed for 'ps7_cortexa9_0'.
11:07:04 INFO  : Context for processor 'ps7_cortexa9_0' is selected.
11:07:05 INFO  : The application 'C:/TEMP/3610/1842906_1853853/project_1/project_1.sdk/Lab2/Debug/Lab2.elf' is downloaded to processor 'ps7_cortexa9_0'.
11:07:05 INFO  : 'configparams force-mem-access 0' command is executed.
11:07:05 INFO  : ----------------XSDB Script----------------
connect -url tcp:127.0.0.1:3121
source C:/TEMP/3610/1842906_1853853/project_1/project_1.sdk/design_1_wrapper_hw_platform_0/ps7_init.tcl
targets -set -nocase -filter {name =~"APU*" && jtag_cable_name =~ "Digilent Zed 210248775228"} -index 0
loadhw -hw C:/TEMP/3610/1842906_1853853/project_1/project_1.sdk/design_1_wrapper_hw_platform_0/system.hdf -mem-ranges [list {0x40000000 0xbfffffff}]
configparams force-mem-access 1
targets -set -nocase -filter {name =~"APU*" && jtag_cable_name =~ "Digilent Zed 210248775228"} -index 0
stop
ps7_init
ps7_post_config
targets -set -nocase -filter {name =~ "ARM*#0" && jtag_cable_name =~ "Digilent Zed 210248775228"} -index 0
rst -processor
targets -set -nocase -filter {name =~ "ARM*#0" && jtag_cable_name =~ "Digilent Zed 210248775228"} -index 0
dow C:/TEMP/3610/1842906_1853853/project_1/project_1.sdk/Lab2/Debug/Lab2.elf
configparams force-mem-access 0
----------------End of Script----------------

11:07:05 INFO  : Context for processor 'ps7_cortexa9_0' is selected.
11:07:05 INFO  : 'con' command is executed.
11:07:05 INFO  : ----------------XSDB Script (After Launch)----------------
targets -set -nocase -filter {name =~ "ARM*#0" && jtag_cable_name =~ "Digilent Zed 210248775228"} -index 0
con
----------------End of Script----------------

11:07:05 INFO  : Disconnected from the channel tcfchan#1.
11:07:33 INFO  : Registering command handlers for SDK TCF services
11:07:34 INFO  : Launching XSCT server: xsct.bat -interactive C:\TEMP\3610\1842906_1853853\project_1\project_1.sdk\temp_xsdb_launch_script.tcl
11:07:37 INFO  : XSCT server has started successfully.
11:07:38 INFO  : Successfully done setting XSCT server connection channel  
11:07:38 INFO  : Processing command line option -hwspec C:/TEMP/3610/1842906_1853853/project_1/project_1.sdk/design_1_wrapper.hdf.
11:07:38 INFO  : Successfully done setting SDK workspace  
11:07:38 INFO  : Checking for hwspec changes in the project design_1_wrapper_hw_platform_0.
08:22:13 INFO  : Registering command handlers for SDK TCF services
08:22:16 INFO  : Launching XSCT server: xsct.bat -interactive C:\TEMP\3610\1842906_1853853\project_1\project_1.sdk\temp_xsdb_launch_script.tcl
08:22:22 INFO  : XSCT server has started successfully.
08:22:28 INFO  : Successfully done setting XSCT server connection channel  
08:22:28 INFO  : Successfully done setting SDK workspace  
08:22:28 INFO  : Processing command line option -hwspec C:/TEMP/3610/1842906_1853853/project_1/project_1.sdk/design_1_wrapper.hdf.
08:22:28 INFO  : Checking for hwspec changes in the project design_1_wrapper_hw_platform_0.
